  game.cpp
C:\nimisorarinoC-code\井字棋\game.cpp(39,16): warning C4566: 由通用字符名称“\u273F”表示的字符不能在当前代码页(936)中表示出来
C:\nimisorarinoC-code\井字棋\game.cpp(39,16): warning C4566: 由通用字符名称“\u25E1”表示的字符不能在当前代码页(936)中表示出来
C:\nimisorarinoC-code\井字棋\game.cpp(39,16): warning C4566: 由通用字符名称“\u203F”表示的字符不能在当前代码页(936)中表示出来
C:\nimisorarinoC-code\井字棋\game.cpp(88,28): warning C4267: “参数”: 从“size_t”转换到“int”，可能丢失数据
C:\nimisorarinoC-code\井字棋\game.cpp(89,28): warning C4267: “参数”: 从“size_t”转换到“int”，可能丢失数据
C:\nimisorarinoC-code\井字棋\game.cpp(90,28): warning C4267: “参数”: 从“size_t”转换到“int”，可能丢失数据
C:\nimisorarinoC-code\井字棋\game.cpp(91,28): warning C4267: “参数”: 从“size_t”转换到“int”，可能丢失数据
C:\nimisorarinoC-code\井字棋\game.cpp(92,28): warning C4267: “参数”: 从“size_t”转换到“int”，可能丢失数据
C:\nimisorarinoC-code\井字棋\game.cpp(110,10): warning C4267: “初始化”: 从“size_t”转换到“int”，可能丢失数据
C:\nimisorarinoC-code\井字棋\game.cpp(138,10): warning C4267: “初始化”: 从“size_t”转换到“int”，可能丢失数据
C:\nimisorarinoC-code\井字棋\game.cpp(147,21): warning C4267: “参数”: 从“size_t”转换到“int”，可能丢失数据
C:\nimisorarinoC-code\井字棋\game.cpp(148,21): warning C4267: “参数”: 从“size_t”转换到“int”，可能丢失数据
C:\nimisorarinoC-code\井字棋\game.cpp(149,21): warning C4267: “参数”: 从“size_t”转换到“int”，可能丢失数据
C:\nimisorarinoC-code\井字棋\game.cpp(150,21): warning C4267: “参数”: 从“size_t”转换到“int”，可能丢失数据
C:\nimisorarinoC-code\井字棋\game.cpp(151,21): warning C4267: “参数”: 从“size_t”转换到“int”，可能丢失数据
C:\nimisorarinoC-code\井字棋\game.cpp(152,21): warning C4267: “参数”: 从“size_t”转换到“int”，可能丢失数据
C:\nimisorarinoC-code\井字棋\game.cpp(153,21): warning C4267: “参数”: 从“size_t”转换到“int”，可能丢失数据
C:\nimisorarinoC-code\井字棋\game.cpp(333,22): warning C4267: “参数”: 从“size_t”转换到“int”，可能丢失数据
C:\nimisorarinoC-code\井字棋\game.cpp(334,22): warning C4267: “参数”: 从“size_t”转换到“int”，可能丢失数据
C:\nimisorarinoC-code\井字棋\game.cpp(335,22): warning C4267: “参数”: 从“size_t”转换到“int”，可能丢失数据
C:\nimisorarinoC-code\井字棋\game.cpp(336,22): warning C4267: “参数”: 从“size_t”转换到“int”，可能丢失数据
C:\nimisorarinoC-code\井字棋\game.cpp(337,22): warning C4267: “参数”: 从“size_t”转换到“int”，可能丢失数据
C:\nimisorarinoC-code\井字棋\game.cpp(343,23): warning C4267: “参数”: 从“size_t”转换到“int”，可能丢失数据
C:\nimisorarinoC-code\井字棋\game.cpp(344,23): warning C4267: “参数”: 从“size_t”转换到“int”，可能丢失数据
C:\nimisorarinoC-code\井字棋\game.cpp(357,23): warning C4267: “参数”: 从“size_t”转换到“int”，可能丢失数据
C:\nimisorarinoC-code\井字棋\game.cpp(358,23): warning C4267: “参数”: 从“size_t”转换到“int”，可能丢失数据
C:\nimisorarinoC-code\井字棋\game.cpp(369,25): warning C4267: “参数”: 从“size_t”转换到“int”，可能丢失数据
  gal井字棋.cpp
  正在生成代码
  Previous IPDB not found, fall back to full compilation.
  All 21 functions were compiled because no usable IPDB/IOBJ from previous compilation was found.
  已完成代码的生成
  井字棋.vcxproj -> C:\nimisorarinoC-code\井字棋\x64\Release\井字棋.exe
